<?xml version="1.0" encoding="UTF-8"?>
<coverage generated="1699017433844" clover="3.2.0">
  <project timestamp="1699017433844" name="All files">
    <metrics statements="10" coveredstatements="7" conditionals="11" coveredconditionals="8" methods="1" coveredmethods="1" elements="22" coveredelements="16" complexity="0" loc="10" ncloc="10" packages="1" files="1" classes="1"/>
    <file name="format_html.js" path="/Users/leo/Documents/fluent-react/src/javascript/format_html.js">
      <metrics statements="10" coveredstatements="7" conditionals="11" coveredconditionals="8" methods="1" coveredmethods="1"/>
      <line num="21" count="2" type="stmt"/>
      <line num="22" count="2" type="stmt"/>
      <line num="23" count="2" type="cond" truecount="1" falsecount="1"/>
      <line num="24" count="0" type="stmt"/>
      <line num="26" count="2" type="stmt"/>
      <line num="27" count="2" type="cond" truecount="4" falsecount="1"/>
      <line num="28" count="2" type="cond" truecount="3" falsecount="1"/>
      <line num="29" count="0" type="stmt"/>
      <line num="34" count="2" type="stmt"/>
      <line num="40" count="0" type="stmt"/>
    </file>
  </project>
</coverage>
