{"/Users/leo/Documents/fluent-react/src/javascript/format_html.js": {"path":"/Users/leo/Documents/fluent-react/src/javascript/format_html.js","statementMap":{"0":{"start":{"line":21,"column":23},"end":{"line":21,"column":54}},"1":{"start":{"line":22,"column":12},"end":{"line":22,"column":52}},"2":{"start":{"line":23,"column":2},"end":{"line":25,"column":3}},"3":{"start":{"line":24,"column":4},"end":{"line":24,"column":50}},"4":{"start":{"line":26,"column":31},"end":{"line":26,"column":32}},"5":{"start":{"line":27,"column":2},"end":{"line":38,"column":3}},"6":{"start":{"line":28,"column":4},"end":{"line":33,"column":5}},"7":{"start":{"line":29,"column":6},"end":{"line":32,"column":8}},"8":{"start":{"line":34,"column":4},"end":{"line":37,"column":6}},"9":{"start":{"line":40,"column":2},"end":{"line":42,"column":4}}},"fnMap":{"0":{"name":"readHtmlContent","decl":{"start":{"line":20,"column":16},"end":{"line":20,"column":31}},"loc":{"start":{"line":20,"column":38},"end":{"line":43,"column":1}},"line":20}},"branchMap":{"0":{"loc":{"start":{"line":23,"column":2},"end":{"line":25,"column":3}},"type":"if","locations":[{"start":{"line":23,"column":2},"end":{"line":25,"column":3}},{"start":{},"end":{}}],"line":23},"1":{"loc":{"start":{"line":27,"column":2},"end":{"line":38,"column":3}},"type":"if","locations":[{"start":{"line":27,"column":2},"end":{"line":38,"column":3}},{"start":{},"end":{}}],"line":27},"2":{"loc":{"start":{"line":27,"column":6},"end":{"line":27,"column":35}},"type":"binary-expr","locations":[{"start":{"line":27,"column":6},"end":{"line":27,"column":11}},{"start":{"line":27,"column":15},"end":{"line":27,"column":18}},{"start":{"line":27,"column":22},"end":{"line":27,"column":35}}],"line":27},"3":{"loc":{"start":{"line":28,"column":4},"end":{"line":33,"column":5}},"type":"if","locations":[{"start":{"line":28,"column":4},"end":{"line":33,"column":5}},{"start":{},"end":{}}],"line":28},"4":{"loc":{"start":{"line":28,"column":8},"end":{"line":28,"column":40}},"type":"binary-expr","locations":[{"start":{"line":28,"column":8},"end":{"line":28,"column":12}},{"start":{"line":28,"column":16},"end":{"line":28,"column":40}}],"line":28}},"s":{"0":2,"1":2,"2":2,"3":0,"4":2,"5":2,"6":2,"7":0,"8":2,"9":0},"f":{"0":2},"b":{"0":[0,2],"1":[2,0],"2":[2,2,2],"3":[0,2],"4":[2,2]},"_coverageSchema":"1a1c01bbd47fc00a2c39e90264f33305004495a9","hash":"1e17644c531e81cb3634dd53156e766b43d0f1d4"}
}
